<?xml version="1.0" encoding="UTF-8"?>
<!-- Generated by org.testng.reporters.JUnitReportReporter -->
<testsuite skipped="0" hostname="bharti-PC" name="com.pracc.com.TestMeApppp.TestMe" tests="1" failures="0" timestamp="2020-04-28T13:20:18 IST" time="129.978" errors="0">
  <testcase name="TestMeVerify" time="129.978" classname="com.pracc.com.TestMeApppp.TestMe"/>
</testsuite> <!-- com.pracc.com.TestMeApppp.TestMe -->
